2024-09-26 15:03:50.764[main] INFO  org.example.Main - START OP: Power
2024-09-26 15:03:50.768[main] INFO  org.example.Main - [POWER OPERATION] [SUCCESS] 2.0^3.0 = 8.0
2024-09-26 15:03:50.768[main] INFO  org.example.Main - END OP: Power
2024-09-26 15:03:50.768[main] INFO  org.example.Main - START OP: Power
2024-09-26 15:03:50.768[main] INFO  org.example.Main - [POWER OPERATION] [SUCCESS] 5.0^0.0 = 1.0
2024-09-26 15:03:50.768[main] INFO  org.example.Main - END OP: Power
2024-09-26 15:03:50.768[main] INFO  org.example.Main - START OP: Power
2024-09-26 15:03:50.769[main] INFO  org.example.Main - [POWER OPERATION] [SUCCESS] 0.0^5.0 = 0.0
2024-09-26 15:03:50.769[main] INFO  org.example.Main - END OP: Power
2024-09-26 15:03:50.769[main] INFO  org.example.Main - START OP: Power
2024-09-26 15:03:50.769[main] INFO  org.example.Main - [POWER OPERATION] [SUCCESS] 0.0^0.0 = 1.0
2024-09-26 15:03:50.769[main] INFO  org.example.Main - END OP: Power
2024-09-26 15:03:50.769[main] INFO  org.example.Main - START OP: Factorial
2024-09-26 15:03:50.771[main] INFO  org.example.Main - [FACTORIAL OPERATION] [SUCCESS] 5! = 120
2024-09-26 15:03:50.771[main] INFO  org.example.Main - END OP: Factorial
2024-09-26 15:03:50.771[main] INFO  org.example.Main - START OP: Factorial
2024-09-26 15:03:50.771[main] INFO  org.example.Main - [FACTORIAL OPERATION] [SUCCESS] 0! = 1
2024-09-26 15:03:50.772[main] INFO  org.example.Main - END OP: Factorial
2024-09-26 15:03:50.772[main] INFO  org.example.Main - START OP: Factorial
2024-09-26 15:03:50.772[main] INFO  org.example.Main - [FACTORIAL OPERATION] [SUCCESS] 1! = 1
2024-09-26 15:03:50.772[main] INFO  org.example.Main - END OP: Factorial
2024-09-26 15:03:50.772[main] INFO  org.example.Main - START OP: Natural Logarithm
2024-09-26 15:03:50.773[main] INFO  org.example.Main - [NATURAL LOG OPERATION] [SUCCESS] ln(2.718281828459045) = 1.0
2024-09-26 15:03:50.773[main] INFO  org.example.Main - END OP: Natural Logarithm
2024-09-26 15:03:50.773[main] INFO  org.example.Main - START OP: Natural Logarithm
2024-09-26 15:03:50.773[main] INFO  org.example.Main - [NATURAL LOG OPERATION] [SUCCESS] ln(1.0) = 0.0
2024-09-26 15:03:50.773[main] INFO  org.example.Main - END OP: Natural Logarithm
2024-09-26 15:03:50.774[main] INFO  org.example.Main - START OP: Natural Logarithm
2024-09-26 15:03:50.774[main] ERROR org.example.Main - Natural log of non-positive numbers is undefined!
2024-09-26 15:03:50.774[main] INFO  org.example.Main - START OP: Square Root
2024-09-26 15:03:50.775[main] INFO  org.example.Main - [SQUARE ROOT OPERATION] [SUCCESS] sqrt(16.0) = 4.0
2024-09-26 15:03:50.775[main] INFO  org.example.Main - END OP: Square Root
2024-09-26 15:03:50.775[main] INFO  org.example.Main - START OP: Square Root
2024-09-26 15:03:50.775[main] INFO  org.example.Main - [SQUARE ROOT OPERATION] [SUCCESS] sqrt(0.0) = 0.0
2024-09-26 15:03:50.775[main] INFO  org.example.Main - END OP: Square Root
2024-09-26 15:03:50.775[main] INFO  org.example.Main - START OP: Square Root
2024-09-26 15:03:50.775[main] INFO  org.example.Main - [SQUARE ROOT OPERATION] [SUCCESS] sqrt(25.0) = 5.0
2024-09-26 15:03:50.775[main] INFO  org.example.Main - END OP: Square Root
